<?xml version="1.0" encoding="UTF-8"?>
<!-- Generated by org.testng.reporters.JUnitReportReporter -->
<testsuite hostname="LAPTOP-4EVELK3N" failures="0" tests="3" name="com.tutorialsninja.TestCases.SearchProductTest" time="45.936" errors="0" timestamp="2024-03-02T01:29:50 EST" skipped="0">
  <testcase classname="com.tutorialsninja.TestCases.SearchProductTest" name="verifySearchValidProduct" time="18.146"/>
  <testcase classname="com.tutorialsninja.TestCases.SearchProductTest" name="verifySearchInvalidProduct" time="16.916"/>
  <testcase classname="com.tutorialsninja.TestCases.SearchProductTest" name="verifySearchNoProduct" time="10.874"/>
</testsuite> <!-- com.tutorialsninja.TestCases.SearchProductTest -->
