<?xml version="1.0" encoding="UTF-8"?>
<!-- Generated by org.testng.reporters.JUnitReportReporter -->
<testsuite hostname="LAPTOP-4EVELK3N" failures="0" tests="5" name="com.tutorialsninja.TestCases.RegisterTest" time="83.947" errors="0" timestamp="2024-03-02T01:28:29 EST" skipped="0">
  <testcase classname="com.tutorialsninja.TestCases.RegisterTest" name="verifyRegisterWithNoDetails" time="17.797"/>
  <testcase classname="com.tutorialsninja.TestCases.RegisterTest" name="verifyRegisterWithMandatoryDetails" time="15.069"/>
  <testcase classname="com.tutorialsninja.TestCases.RegisterTest" name="verifyRegisterWithAllDetails" time="20.234"/>
  <testcase classname="com.tutorialsninja.TestCases.RegisterTest" name="verifyRegisterWithExistingEmail" time="13.861"/>
  <testcase classname="com.tutorialsninja.TestCases.RegisterTest" name="verifyRegisterWithWrongConfirmPassword" time="16.986"/>
</testsuite> <!-- com.tutorialsninja.TestCases.RegisterTest -->
